2023-04-01 14:16:20,796 - INFO - Node List: spartan-bm021
2023-04-01 14:16:24,146 - INFO - IN PROGRESS: Total Tweets analysed: 100000
2023-04-01 14:16:27,423 - INFO - IN PROGRESS: Total Tweets analysed: 200000
2023-04-01 14:16:30,739 - INFO - IN PROGRESS: Total Tweets analysed: 300000
2023-04-01 14:16:34,080 - INFO - IN PROGRESS: Total Tweets analysed: 400000
2023-04-01 14:16:37,468 - INFO - IN PROGRESS: Total Tweets analysed: 500000
2023-04-01 14:16:40,802 - INFO - IN PROGRESS: Total Tweets analysed: 600000
2023-04-01 14:16:44,187 - INFO - IN PROGRESS: Total Tweets analysed: 700000
2023-04-01 14:16:47,453 - INFO - IN PROGRESS: Total Tweets analysed: 800000
2023-04-01 14:16:50,724 - INFO - IN PROGRESS: Total Tweets analysed: 900000
2023-04-01 14:16:54,011 - INFO - IN PROGRESS: Total Tweets analysed: 1000000
2023-04-01 14:16:57,324 - INFO - IN PROGRESS: Total Tweets analysed: 1100000
2023-04-01 14:17:00,566 - INFO - IN PROGRESS: Total Tweets analysed: 1200000
2023-04-01 14:17:03,890 - INFO - IN PROGRESS: Total Tweets analysed: 1300000
2023-04-01 14:17:07,174 - INFO - IN PROGRESS: Total Tweets analysed: 1400000
2023-04-01 14:17:10,424 - INFO - IN PROGRESS: Total Tweets analysed: 1500000
2023-04-01 14:17:13,725 - INFO - IN PROGRESS: Total Tweets analysed: 1600000
2023-04-01 14:17:16,954 - INFO - IN PROGRESS: Total Tweets analysed: 1700000
2023-04-01 14:17:20,162 - INFO - IN PROGRESS: Total Tweets analysed: 1800000
2023-04-01 14:17:23,411 - INFO - IN PROGRESS: Total Tweets analysed: 1900000
2023-04-01 14:17:26,652 - INFO - IN PROGRESS: Total Tweets analysed: 2000000
2023-04-01 14:17:29,948 - INFO - IN PROGRESS: Total Tweets analysed: 2100000
2023-04-01 14:17:33,252 - INFO - IN PROGRESS: Total Tweets analysed: 2200000
2023-04-01 14:17:36,577 - INFO - IN PROGRESS: Total Tweets analysed: 2300000
2023-04-01 14:17:39,908 - INFO - IN PROGRESS: Total Tweets analysed: 2400000
2023-04-01 14:17:43,252 - INFO - IN PROGRESS: Total Tweets analysed: 2500000
2023-04-01 14:17:46,535 - INFO - IN PROGRESS: Total Tweets analysed: 2600000
2023-04-01 14:17:49,869 - INFO - IN PROGRESS: Total Tweets analysed: 2700000
2023-04-01 14:17:53,186 - INFO - IN PROGRESS: Total Tweets analysed: 2800000
2023-04-01 14:17:56,527 - INFO - IN PROGRESS: Total Tweets analysed: 2900000
2023-04-01 14:17:59,872 - INFO - IN PROGRESS: Total Tweets analysed: 3000000
2023-04-01 14:18:03,202 - INFO - IN PROGRESS: Total Tweets analysed: 3100000
2023-04-01 14:18:06,550 - INFO - IN PROGRESS: Total Tweets analysed: 3200000
2023-04-01 14:18:09,892 - INFO - IN PROGRESS: Total Tweets analysed: 3300000
2023-04-01 14:18:13,186 - INFO - IN PROGRESS: Total Tweets analysed: 3400000
2023-04-01 14:18:16,502 - INFO - IN PROGRESS: Total Tweets analysed: 3500000
2023-04-01 14:18:19,761 - INFO - IN PROGRESS: Total Tweets analysed: 3600000
2023-04-01 14:18:23,056 - INFO - IN PROGRESS: Total Tweets analysed: 3700000
2023-04-01 14:18:26,292 - INFO - IN PROGRESS: Total Tweets analysed: 3800000
2023-04-01 14:18:29,574 - INFO - IN PROGRESS: Total Tweets analysed: 3900000
2023-04-01 14:18:32,823 - INFO - IN PROGRESS: Total Tweets analysed: 4000000
2023-04-01 14:18:36,091 - INFO - IN PROGRESS: Total Tweets analysed: 4100000
2023-04-01 14:18:39,391 - INFO - IN PROGRESS: Total Tweets analysed: 4200000
2023-04-01 14:18:42,731 - INFO - IN PROGRESS: Total Tweets analysed: 4300000
2023-04-01 14:18:46,115 - INFO - IN PROGRESS: Total Tweets analysed: 4400000
2023-04-01 14:18:49,497 - INFO - IN PROGRESS: Total Tweets analysed: 4500000
2023-04-01 14:18:52,890 - INFO - IN PROGRESS: Total Tweets analysed: 4600000
2023-04-01 14:18:56,285 - INFO - IN PROGRESS: Total Tweets analysed: 4700000
2023-04-01 14:18:59,702 - INFO - IN PROGRESS: Total Tweets analysed: 4800000
2023-04-01 14:19:03,123 - INFO - IN PROGRESS: Total Tweets analysed: 4900000
2023-04-01 14:19:06,476 - INFO - IN PROGRESS: Total Tweets analysed: 5000000
2023-04-01 14:19:09,926 - INFO - IN PROGRESS: Total Tweets analysed: 5100000
2023-04-01 14:19:13,358 - INFO - IN PROGRESS: Total Tweets analysed: 5200000
2023-04-01 14:19:16,858 - INFO - IN PROGRESS: Total Tweets analysed: 5300000
2023-04-01 14:19:20,253 - INFO - IN PROGRESS: Total Tweets analysed: 5400000
2023-04-01 14:19:23,691 - INFO - IN PROGRESS: Total Tweets analysed: 5500000
2023-04-01 14:19:27,069 - INFO - IN PROGRESS: Total Tweets analysed: 5600000
2023-04-01 14:19:30,475 - INFO - IN PROGRESS: Total Tweets analysed: 5700000
2023-04-01 14:19:33,870 - INFO - IN PROGRESS: Total Tweets analysed: 5800000
2023-04-01 14:19:37,300 - INFO - IN PROGRESS: Total Tweets analysed: 5900000
2023-04-01 14:19:40,698 - INFO - IN PROGRESS: Total Tweets analysed: 6000000
2023-04-01 14:19:44,124 - INFO - IN PROGRESS: Total Tweets analysed: 6100000
2023-04-01 14:19:47,525 - INFO - IN PROGRESS: Total Tweets analysed: 6200000
2023-04-01 14:19:50,973 - INFO - IN PROGRESS: Total Tweets analysed: 6300000
2023-04-01 14:19:54,669 - INFO - IN PROGRESS: Total Tweets analysed: 6400000
2023-04-01 14:19:58,430 - INFO - IN PROGRESS: Total Tweets analysed: 6500000
2023-04-01 14:20:02,172 - INFO - IN PROGRESS: Total Tweets analysed: 6600000
2023-04-01 14:20:06,000 - INFO - IN PROGRESS: Total Tweets analysed: 6700000
2023-04-01 14:20:09,768 - INFO - IN PROGRESS: Total Tweets analysed: 6800000
2023-04-01 14:20:13,687 - INFO - IN PROGRESS: Total Tweets analysed: 6900000
2023-04-01 14:20:17,664 - INFO - IN PROGRESS: Total Tweets analysed: 7000000
2023-04-01 14:20:21,631 - INFO - IN PROGRESS: Total Tweets analysed: 7100000
2023-04-01 14:20:25,516 - INFO - IN PROGRESS: Total Tweets analysed: 7200000
2023-04-01 14:20:29,489 - INFO - IN PROGRESS: Total Tweets analysed: 7300000
2023-04-01 14:20:33,449 - INFO - IN PROGRESS: Total Tweets analysed: 7400000
2023-04-01 14:20:37,413 - INFO - IN PROGRESS: Total Tweets analysed: 7500000
2023-04-01 14:20:41,326 - INFO - IN PROGRESS: Total Tweets analysed: 7600000
2023-04-01 14:20:45,425 - INFO - IN PROGRESS: Total Tweets analysed: 7700000
2023-04-01 14:20:49,509 - INFO - IN PROGRESS: Total Tweets analysed: 7800000
2023-04-01 14:20:53,622 - INFO - IN PROGRESS: Total Tweets analysed: 7900000
2023-04-01 14:20:57,715 - INFO - IN PROGRESS: Total Tweets analysed: 8000000
2023-04-01 14:21:01,781 - INFO - IN PROGRESS: Total Tweets analysed: 8100000
2023-04-01 14:21:05,972 - INFO - IN PROGRESS: Total Tweets analysed: 8200000
2023-04-01 14:21:10,112 - INFO - IN PROGRESS: Total Tweets analysed: 8300000
2023-04-01 14:21:14,342 - INFO - IN PROGRESS: Total Tweets analysed: 8400000
2023-04-01 14:21:18,513 - INFO - IN PROGRESS: Total Tweets analysed: 8500000
2023-04-01 14:21:22,883 - INFO - IN PROGRESS: Total Tweets analysed: 8600000
2023-04-01 14:21:26,962 - INFO - IN PROGRESS: Total Tweets analysed: 8700000
2023-04-01 14:21:31,101 - INFO - IN PROGRESS: Total Tweets analysed: 8800000
2023-04-01 14:21:35,305 - INFO - IN PROGRESS: Total Tweets analysed: 8900000
2023-04-01 14:21:39,336 - INFO - IN PROGRESS: Total Tweets analysed: 9000000
2023-04-01 14:21:43,233 - INFO - IN PROGRESS: Total Tweets analysed: 9092274 in rank 0
2023-04-01 14:21:43,581 - INFO - FINISHED: A total of 9092274 tweets were analyzed
2023-04-01 14:25:00,868 - INFO - Execution time: 520.0716302394867 seconds
